

Started GET "/" for 127.0.0.1 at 2014-11-03 09:39:34 -0600
Processing by Rails::WelcomeController#index as HTML
  Rendered /Users/Chris/.rvm/gems/ruby-2.1.3/gems/railties-4.1.7/lib/rails/templates/rails/welcome/index.html.erb (2.4ms)
Completed 200 OK in 26ms (Views: 11.9ms | ActiveRecord: 0.0ms)


Started GET "/" for 127.0.0.1 at 2014-11-03 09:41:03 -0600
Processing by Rails::WelcomeController#index as HTML
  Rendered /Users/Chris/.rvm/gems/ruby-2.1.3/gems/railties-4.1.7/lib/rails/templates/rails/welcome/index.html.erb (2.0ms)
Completed 200 OK in 20ms (Views: 9.2ms | ActiveRecord: 0.0ms)


Started GET "/" for 127.0.0.1 at 2014-11-03 09:41:08 -0600
Processing by Rails::WelcomeController#index as HTML
  Rendered /Users/Chris/.rvm/gems/ruby-2.1.3/gems/railties-4.1.7/lib/rails/templates/rails/welcome/index.html.erb (0.0ms)
Completed 200 OK in 1ms (Views: 1.0ms | ActiveRecord: 0.0ms)


Started GET "/pages/home" for 127.0.0.1 at 2014-11-03 09:41:09 -0600
Processing by PagesController#home as HTML
  Rendered pages/home.html.erb within layouts/application (0.4ms)
Completed 200 OK in 1532ms (Views: 1531.1ms | ActiveRecord: 0.0ms)


Started GET "/assets/pages.css?body=1" for 127.0.0.1 at 2014-11-03 09:41:11 -0600


Started GET "/assets/application.css?body=1" for 127.0.0.1 at 2014-11-03 09:41:11 -0600


Started GET "/assets/jquery.js?body=1" for 127.0.0.1 at 2014-11-03 09:41:11 -0600


Started GET "/assets/pages.js?body=1" for 127.0.0.1 at 2014-11-03 09:41:11 -0600


Started GET "/assets/jquery_ujs.js?body=1" for 127.0.0.1 at 2014-11-03 09:41:11 -0600


Started GET "/assets/turbolinks.js?body=1" for 127.0.0.1 at 2014-11-03 09:41:11 -0600


Started GET "/assets/application.js?body=1" for 127.0.0.1 at 2014-11-03 09:41:11 -0600


Started GET "/pages/home" for 127.0.0.1 at 2014-11-03 09:42:24 -0600
Processing by PagesController#home as HTML
  Rendered pages/home.html.erb within layouts/application (0.5ms)
Completed 200 OK in 45ms (Views: 43.1ms | ActiveRecord: 0.0ms)


Started GET "/assets/pages.css?body=1" for 127.0.0.1 at 2014-11-03 09:42:24 -0600


Started GET "/assets/jquery.js?body=1" for 127.0.0.1 at 2014-11-03 09:42:24 -0600


Started GET "/assets/application.css?body=1" for 127.0.0.1 at 2014-11-03 09:42:24 -0600


Started GET "/assets/pages.js?body=1" for 127.0.0.1 at 2014-11-03 09:42:24 -0600


Started GET "/assets/turbolinks.js?body=1" for 127.0.0.1 at 2014-11-03 09:42:24 -0600


Started GET "/assets/application.js?body=1" for 127.0.0.1 at 2014-11-03 09:42:24 -0600


Started GET "/assets/jquery_ujs.js?body=1" for 127.0.0.1 at 2014-11-03 09:42:24 -0600


Started GET "/pages/home" for 127.0.0.1 at 2014-11-03 09:44:25 -0600

ArgumentError (Missing :action key on routes definition, please check your routes.):
  config/routes.rb:2:in `block in <top (required)>'
  config/routes.rb:1:in `<top (required)>'


  Rendered /Users/Chris/.rvm/gems/ruby-2.1.3/gems/actionpack-4.1.7/lib/action_dispatch/middleware/templates/rescues/_source.erb (0.9ms)
  Rendered /Users/Chris/.rvm/gems/ruby-2.1.3/gems/actionpack-4.1.7/lib/action_dispatch/middleware/templates/rescues/_trace.html.erb (1.3ms)
  Rendered /Users/Chris/.rvm/gems/ruby-2.1.3/gems/actionpack-4.1.7/lib/action_dispatch/middleware/templates/rescues/_request_and_response.html.erb (1.1ms)
  Rendered /Users/Chris/.rvm/gems/ruby-2.1.3/gems/actionpack-4.1.7/lib/action_dispatch/middleware/templates/rescues/diagnostics.erb within rescues/layout (24.1ms)


Started GET "/" for 127.0.0.1 at 2014-11-03 09:44:27 -0600

ActionController::RoutingError (No route matches [GET] "/"):
  actionpack (4.1.7) lib/action_dispatch/middleware/debug_exceptions.rb:21:in `call'
  actionpack (4.1.7) lib/action_dispatch/middleware/show_exceptions.rb:30:in `call'
  railties (4.1.7) lib/rails/rack/logger.rb:38:in `call_app'
  railties (4.1.7) lib/rails/rack/logger.rb:20:in `block in call'
  activesupport (4.1.7) lib/active_support/tagged_logging.rb:68:in `block in tagged'
  activesupport (4.1.7) lib/active_support/tagged_logging.rb:26:in `tagged'
  activesupport (4.1.7) lib/active_support/tagged_logging.rb:68:in `tagged'
  railties (4.1.7) lib/rails/rack/logger.rb:20:in `call'
  actionpack (4.1.7) lib/action_dispatch/middleware/request_id.rb:21:in `call'
  rack (1.5.2) lib/rack/methodoverride.rb:21:in `call'
  rack (1.5.2) lib/rack/runtime.rb:17:in `call'
  activesupport (4.1.7) lib/active_support/cache/strategy/local_cache_middleware.rb:26:in `call'
  rack (1.5.2) lib/rack/lock.rb:17:in `call'
  actionpack (4.1.7) lib/action_dispatch/middleware/static.rb:84:in `call'
  rack (1.5.2) lib/rack/sendfile.rb:112:in `call'
  railties (4.1.7) lib/rails/engine.rb:514:in `call'
  railties (4.1.7) lib/rails/application.rb:144:in `call'
  rack (1.5.2) lib/rack/lock.rb:17:in `call'
  rack (1.5.2) lib/rack/content_length.rb:14:in `call'
  rack (1.5.2) lib/rack/handler/webrick.rb:60:in `service'
  /Users/Chris/.rvm/rubies/ruby-2.1.3/lib/ruby/2.1.0/webrick/httpserver.rb:138:in `service'
  /Users/Chris/.rvm/rubies/ruby-2.1.3/lib/ruby/2.1.0/webrick/httpserver.rb:94:in `run'
  /Users/Chris/.rvm/rubies/ruby-2.1.3/lib/ruby/2.1.0/webrick/server.rb:295:in `block in start_thread'


  Rendered /Users/Chris/.rvm/gems/ruby-2.1.3/gems/actionpack-4.1.7/lib/action_dispatch/middleware/templates/rescues/_trace.html.erb (1.2ms)
  Rendered /Users/Chris/.rvm/gems/ruby-2.1.3/gems/actionpack-4.1.7/lib/action_dispatch/middleware/templates/routes/_table.html.erb (9.2ms)
  Rendered /Users/Chris/.rvm/gems/ruby-2.1.3/gems/actionpack-4.1.7/lib/action_dispatch/middleware/templates/rescues/routing_error.html.erb within rescues/layout (25.4ms)


Started GET "/" for 127.0.0.1 at 2014-11-03 09:44:49 -0600
Processing by PagesController#home as HTML
  Rendered pages/home.html.erb within layouts/application (0.4ms)
Completed 200 OK in 44ms (Views: 42.9ms | ActiveRecord: 0.0ms)


Started GET "/assets/pages.css?body=1" for 127.0.0.1 at 2014-11-03 09:44:49 -0600


Started GET "/assets/application.css?body=1" for 127.0.0.1 at 2014-11-03 09:44:49 -0600


Started GET "/assets/jquery.js?body=1" for 127.0.0.1 at 2014-11-03 09:44:49 -0600


Started GET "/assets/application.js?body=1" for 127.0.0.1 at 2014-11-03 09:44:49 -0600


Started GET "/assets/turbolinks.js?body=1" for 127.0.0.1 at 2014-11-03 09:44:49 -0600


Started GET "/assets/pages.js?body=1" for 127.0.0.1 at 2014-11-03 09:44:49 -0600


Started GET "/assets/jquery_ujs.js?body=1" for 127.0.0.1 at 2014-11-03 09:44:49 -0600


Started GET "/" for 127.0.0.1 at 2014-11-03 09:49:40 -0600
Processing by PagesController#home as HTML
  Rendered pages/home.html.erb within layouts/application (2.0ms)
Completed 200 OK in 106ms (Views: 90.8ms | ActiveRecord: 0.0ms)


Started GET "/" for 127.0.0.1 at 2014-11-03 09:49:40 -0600
Processing by PagesController#home as HTML
  Rendered pages/home.html.erb within layouts/application (0.1ms)
Completed 200 OK in 48ms (Views: 46.9ms | ActiveRecord: 0.0ms)


Started GET "/about" for 127.0.0.1 at 2014-11-03 09:49:41 -0600
Processing by PagesController#about as HTML
  Rendered pages/about.html.erb within layouts/application (0.7ms)
Completed 200 OK in 52ms (Views: 50.9ms | ActiveRecord: 0.0ms)


Started GET "/assets/pages.css?body=1" for 127.0.0.1 at 2014-11-03 09:49:41 -0600


Started GET "/assets/application.css?body=1" for 127.0.0.1 at 2014-11-03 09:49:41 -0600


Started GET "/assets/jquery.js?body=1" for 127.0.0.1 at 2014-11-03 09:49:41 -0600


Started GET "/assets/application.js?body=1" for 127.0.0.1 at 2014-11-03 09:49:41 -0600


Started GET "/assets/turbolinks.js?body=1" for 127.0.0.1 at 2014-11-03 09:49:41 -0600


Started GET "/assets/jquery_ujs.js?body=1" for 127.0.0.1 at 2014-11-03 09:49:41 -0600


Started GET "/assets/pages.js?body=1" for 127.0.0.1 at 2014-11-03 09:49:41 -0600


Started GET "/" for 127.0.0.1 at 2014-11-03 09:53:34 -0600
Processing by PagesController#home as HTML
  Rendered pages/home.html.erb within layouts/application (0.8ms)
Completed 200 OK in 49ms (Views: 48.5ms | ActiveRecord: 0.0ms)


Started GET "/assets/pages.css?body=1" for 127.0.0.1 at 2014-11-03 09:53:35 -0600


Started GET "/assets/application.css?body=1" for 127.0.0.1 at 2014-11-03 09:53:35 -0600


Started GET "/assets/jquery.js?body=1" for 127.0.0.1 at 2014-11-03 09:53:35 -0600


Started GET "/assets/turbolinks.js?body=1" for 127.0.0.1 at 2014-11-03 09:53:35 -0600


Started GET "/assets/application.js?body=1" for 127.0.0.1 at 2014-11-03 09:53:35 -0600


Started GET "/assets/pages.js?body=1" for 127.0.0.1 at 2014-11-03 09:53:35 -0600


Started GET "/assets/jquery_ujs.js?body=1" for 127.0.0.1 at 2014-11-03 09:53:35 -0600


Started GET "/" for 127.0.0.1 at 2014-11-03 09:54:51 -0600
Processing by PagesController#home as HTML
  Rendered pages/home.html.erb within layouts/application (0.8ms)
Completed 200 OK in 74ms (Views: 72.7ms | ActiveRecord: 0.0ms)


Started GET "/assets/pages.css?body=1" for 127.0.0.1 at 2014-11-03 09:54:51 -0600


Started GET "/assets/application.css?body=1" for 127.0.0.1 at 2014-11-03 09:54:51 -0600


Started GET "/assets/jquery.js?body=1" for 127.0.0.1 at 2014-11-03 09:54:51 -0600


Started GET "/assets/turbolinks.js?body=1" for 127.0.0.1 at 2014-11-03 09:54:51 -0600


Started GET "/assets/jquery_ujs.js?body=1" for 127.0.0.1 at 2014-11-03 09:54:51 -0600


Started GET "/assets/pages.js?body=1" for 127.0.0.1 at 2014-11-03 09:54:51 -0600


Started GET "/assets/application.js?body=1" for 127.0.0.1 at 2014-11-03 09:54:51 -0600


Started GET "/about" for 127.0.0.1 at 2014-11-03 09:54:52 -0600
Processing by PagesController#about as HTML
  Rendered pages/about.html.erb within layouts/application (0.6ms)
Completed 200 OK in 48ms (Views: 46.6ms | ActiveRecord: 0.0ms)


Started GET "/" for 127.0.0.1 at 2014-11-03 09:55:54 -0600
Processing by PagesController#home as HTML
  Rendered pages/home.html.erb within layouts/application (0.3ms)
Completed 200 OK in 48ms (Views: 47.9ms | ActiveRecord: 0.0ms)


Started GET "/assets/pages.css?body=1" for 127.0.0.1 at 2014-11-03 09:55:54 -0600


Started GET "/assets/jquery.js?body=1" for 127.0.0.1 at 2014-11-03 09:55:54 -0600


Started GET "/assets/application.js?body=1" for 127.0.0.1 at 2014-11-03 09:55:54 -0600


Started GET "/assets/application.css?body=1" for 127.0.0.1 at 2014-11-03 09:55:54 -0600


Started GET "/assets/jquery_ujs.js?body=1" for 127.0.0.1 at 2014-11-03 09:55:54 -0600


Started GET "/assets/turbolinks.js?body=1" for 127.0.0.1 at 2014-11-03 09:55:54 -0600


Started GET "/assets/pages.js?body=1" for 127.0.0.1 at 2014-11-03 09:55:54 -0600


Started GET "/about" for 127.0.0.1 at 2014-11-03 09:55:56 -0600
Processing by PagesController#about as HTML
  Rendered pages/about.html.erb within layouts/application (0.6ms)
Completed 200 OK in 51ms (Views: 50.2ms | ActiveRecord: 0.0ms)


Started GET "/" for 127.0.0.1 at 2014-11-03 09:55:56 -0600
Processing by PagesController#home as HTML
  Rendered pages/home.html.erb within layouts/application (0.7ms)
Completed 200 OK in 52ms (Views: 51.4ms | ActiveRecord: 0.0ms)


Started GET "/about" for 127.0.0.1 at 2014-11-03 09:55:57 -0600
Processing by PagesController#about as HTML
  Rendered pages/about.html.erb within layouts/application (0.5ms)
Completed 200 OK in 47ms (Views: 46.2ms | ActiveRecord: 0.0ms)


Started GET "/" for 127.0.0.1 at 2014-11-03 09:55:57 -0600
Processing by PagesController#home as HTML
  Rendered pages/home.html.erb within layouts/application (0.3ms)
Completed 200 OK in 47ms (Views: 46.4ms | ActiveRecord: 0.0ms)


Started GET "/" for 127.0.0.1 at 2014-11-03 09:58:08 -0600
Processing by PagesController#home as HTML
  Rendered pages/home.html.erb within layouts/application (0.5ms)
Completed 200 OK in 56ms (Views: 55.3ms | ActiveRecord: 0.0ms)


Started GET "/assets/pages.css?body=1" for 127.0.0.1 at 2014-11-03 09:58:08 -0600


Started GET "/assets/application.css?body=1" for 127.0.0.1 at 2014-11-03 09:58:08 -0600


Started GET "/assets/pages.js?body=1" for 127.0.0.1 at 2014-11-03 09:58:08 -0600


Started GET "/assets/application.js?body=1" for 127.0.0.1 at 2014-11-03 09:58:08 -0600


Started GET "/assets/turbolinks.js?body=1" for 127.0.0.1 at 2014-11-03 09:58:08 -0600


Started GET "/assets/jquery_ujs.js?body=1" for 127.0.0.1 at 2014-11-03 09:58:08 -0600


Started GET "/assets/jquery.js?body=1" for 127.0.0.1 at 2014-11-03 09:58:08 -0600


Started GET "/about" for 127.0.0.1 at 2014-11-03 09:58:10 -0600
Processing by PagesController#about as HTML
  Rendered pages/about.html.erb within layouts/application (0.4ms)
Completed 200 OK in 47ms (Views: 46.2ms | ActiveRecord: 0.0ms)


Started GET "/" for 127.0.0.1 at 2014-11-03 09:58:10 -0600
Processing by PagesController#home as HTML
  Rendered pages/home.html.erb within layouts/application (0.4ms)
Completed 200 OK in 41ms (Views: 40.5ms | ActiveRecord: 0.0ms)


Started GET "/about" for 127.0.0.1 at 2014-11-03 09:58:11 -0600
Processing by PagesController#about as HTML
  Rendered pages/about.html.erb within layouts/application (0.0ms)
Completed 200 OK in 45ms (Views: 44.4ms | ActiveRecord: 0.0ms)


Started GET "/about" for 127.0.0.1 at 2014-11-03 09:58:44 -0600
Processing by PagesController#about as HTML
  Rendered pages/about.html.erb within layouts/application (0.4ms)
Completed 200 OK in 58ms (Views: 57.0ms | ActiveRecord: 0.0ms)


Started GET "/assets/pages.css?body=1" for 127.0.0.1 at 2014-11-03 09:58:44 -0600


Started GET "/assets/application.css?body=1" for 127.0.0.1 at 2014-11-03 09:58:44 -0600


Started GET "/assets/application.js?body=1" for 127.0.0.1 at 2014-11-03 09:58:44 -0600


Started GET "/assets/jquery.js?body=1" for 127.0.0.1 at 2014-11-03 09:58:44 -0600


Started GET "/assets/turbolinks.js?body=1" for 127.0.0.1 at 2014-11-03 09:58:44 -0600


Started GET "/assets/pages.js?body=1" for 127.0.0.1 at 2014-11-03 09:58:44 -0600


Started GET "/assets/jquery_ujs.js?body=1" for 127.0.0.1 at 2014-11-03 09:58:44 -0600


Started GET "/about" for 127.0.0.1 at 2014-11-03 09:58:45 -0600
Processing by PagesController#about as HTML
  Rendered pages/about.html.erb within layouts/application (0.0ms)
Completed 200 OK in 41ms (Views: 39.9ms | ActiveRecord: 0.0ms)


Started GET "/" for 127.0.0.1 at 2014-11-03 09:58:46 -0600
Processing by PagesController#home as HTML
  Rendered pages/home.html.erb within layouts/application (0.1ms)
Completed 200 OK in 44ms (Views: 43.0ms | ActiveRecord: 0.0ms)


Started GET "/" for 127.0.0.1 at 2014-11-03 10:10:25 -0600
Processing by PagesController#home as HTML
  Rendered pages/home.html.erb within layouts/application (1.9ms)
Completed 500 Internal Server Error in 44ms

ActionView::Template::Error (An @import loop has been found: /Users/Chris/Desktop/onemonth/app/assets/stylesheets/bootstrap.css.scss imports itself
  (in /Users/Chris/Desktop/onemonth/app/assets/stylesheets/bootstrap.css.scss:1)):
    2: <html>
    3: <head>
    4:   <title>OneMonth</title>
    5:   <%= stylesheet_link_tag    'application', media: 'all', 'data-turbolinks-track' => true %>
    6:   <%= javascript_include_tag 'application', 'data-turbolinks-track' => true %>
    7:   <%= csrf_meta_tags %>
    8: </head>
  app/assets/stylesheets/bootstrap.css.scss:1
  app/assets/stylesheets/bootstrap.css.scss:1
  app/views/layouts/application.html.erb:5:in `_app_views_layouts_application_html_erb___1991210882117516844_70181635533680'


  Rendered /Users/Chris/.rvm/gems/ruby-2.1.3/gems/actionpack-4.1.7/lib/action_dispatch/middleware/templates/rescues/_trace.html.erb (1.8ms)
  Rendered /Users/Chris/.rvm/gems/ruby-2.1.3/gems/actionpack-4.1.7/lib/action_dispatch/middleware/templates/rescues/_request_and_response.html.erb (1.6ms)
  Rendered /Users/Chris/.rvm/gems/ruby-2.1.3/gems/actionpack-4.1.7/lib/action_dispatch/middleware/templates/rescues/template_error.html.erb within rescues/layout (18.2ms)


Started GET "/" for 127.0.0.1 at 2014-11-03 10:17:27 -0600
Processing by PagesController#home as HTML
  Rendered pages/home.html.erb within layouts/application (1.9ms)
Completed 500 Internal Server Error in 58ms

ActionView::Template::Error (An @import loop has been found: /Users/Chris/Desktop/onemonth/app/assets/stylesheets/bootstrap.css.scss imports itself
  (in /Users/Chris/Desktop/onemonth/app/assets/stylesheets/bootstrap.css.scss:1)):
    2: <html>
    3: <head>
    4:   <title>OneMonth</title>
    5:   <%= stylesheet_link_tag    'application', media: 'all', 'data-turbolinks-track' => true %>
    6:   <%= javascript_include_tag 'application', 'data-turbolinks-track' => true %>
    7:   <%= csrf_meta_tags %>
    8: </head>
  app/assets/stylesheets/bootstrap.css.scss:1
  app/assets/stylesheets/bootstrap.css.scss:1
  app/views/layouts/application.html.erb:5:in `_app_views_layouts_application_html_erb__4324695838308957762_70190115579880'


  Rendered /Library/Ruby/Gems/2.0.0/gems/actionpack-4.1.7/lib/action_dispatch/middleware/templates/rescues/_trace.html.erb (1.6ms)
  Rendered /Library/Ruby/Gems/2.0.0/gems/actionpack-4.1.7/lib/action_dispatch/middleware/templates/rescues/_request_and_response.html.erb (1.1ms)
  Rendered /Library/Ruby/Gems/2.0.0/gems/actionpack-4.1.7/lib/action_dispatch/middleware/templates/rescues/template_error.html.erb within rescues/layout (21.9ms)


Started GET "/" for 127.0.0.1 at 2014-11-03 10:18:06 -0600
Processing by PagesController#home as HTML
  Rendered pages/home.html.erb within layouts/application (0.2ms)
Completed 500 Internal Server Error in 55ms

ActionView::Template::Error (An @import loop has been found: /Users/Chris/Desktop/onemonth/app/assets/stylesheets/bootstrap.css.scss imports itself
  (in /Users/Chris/Desktop/onemonth/app/assets/stylesheets/bootstrap.css.scss:1)):
    2: <html>
    3: <head>
    4:   <title>OneMonth</title>
    5:   <%= stylesheet_link_tag    'application', media: 'all', 'data-turbolinks-track' => true %>
    6:   <%= javascript_include_tag 'application', 'data-turbolinks-track' => true %>
    7:   <%= csrf_meta_tags %>
    8: </head>
  app/assets/stylesheets/bootstrap.css.scss:1
  app/assets/stylesheets/bootstrap.css.scss:1
  app/views/layouts/application.html.erb:5:in `_app_views_layouts_application_html_erb__4324695838308957762_70190115579880'


  Rendered /Library/Ruby/Gems/2.0.0/gems/actionpack-4.1.7/lib/action_dispatch/middleware/templates/rescues/_trace.html.erb (1.4ms)
  Rendered /Library/Ruby/Gems/2.0.0/gems/actionpack-4.1.7/lib/action_dispatch/middleware/templates/rescues/_request_and_response.html.erb (1.0ms)
  Rendered /Library/Ruby/Gems/2.0.0/gems/actionpack-4.1.7/lib/action_dispatch/middleware/templates/rescues/template_error.html.erb within rescues/layout (11.9ms)


Started GET "/" for 127.0.0.1 at 2014-11-03 10:20:39 -0600
Processing by PagesController#home as HTML
  Rendered pages/home.html.erb within layouts/application (1.7ms)
Completed 500 Internal Server Error in 62ms

ActionView::Template::Error (An @import loop has been found: /Users/Chris/Desktop/onemonth/app/assets/stylesheets/bootstrap.css.scss imports itself
  (in /Users/Chris/Desktop/onemonth/app/assets/stylesheets/bootstrap.css.scss:1)):
    2: <html>
    3: <head>
    4:   <title>OneMonth</title>
    5:   <%= stylesheet_link_tag    'application', media: 'all', 'data-turbolinks-track' => true %>
    6:   <%= javascript_include_tag 'application', 'data-turbolinks-track' => true %>
    7:   <%= csrf_meta_tags %>
    8: </head>
  app/assets/stylesheets/bootstrap.css.scss:1
  app/assets/stylesheets/bootstrap.css.scss:1
  app/views/layouts/application.html.erb:5:in `_app_views_layouts_application_html_erb__2240055749808299103_70327531904920'


  Rendered /Library/Ruby/Gems/2.0.0/gems/actionpack-4.1.7/lib/action_dispatch/middleware/templates/rescues/_trace.html.erb (1.9ms)
  Rendered /Library/Ruby/Gems/2.0.0/gems/actionpack-4.1.7/lib/action_dispatch/middleware/templates/rescues/_request_and_response.html.erb (1.9ms)
  Rendered /Library/Ruby/Gems/2.0.0/gems/actionpack-4.1.7/lib/action_dispatch/middleware/templates/rescues/template_error.html.erb within rescues/layout (27.1ms)


Started GET "/" for 127.0.0.1 at 2014-11-03 10:22:47 -0600
Processing by PagesController#home as HTML
  Rendered pages/home.html.erb within layouts/application (0.2ms)
Completed 200 OK in 1472ms (Views: 1471.5ms | ActiveRecord: 0.0ms)


Started GET "/assets/application.css?body=1" for 127.0.0.1 at 2014-11-03 10:22:49 -0600


Started GET "/assets/application.js?body=1" for 127.0.0.1 at 2014-11-03 10:22:49 -0600


Started GET "/assets/jquery_ujs.js?body=1" for 127.0.0.1 at 2014-11-03 10:22:49 -0600


Started GET "/assets/turbolinks.js?body=1" for 127.0.0.1 at 2014-11-03 10:22:49 -0600


Started GET "/assets/pages.js?body=1" for 127.0.0.1 at 2014-11-03 10:22:49 -0600


Started GET "/assets/bootstrap" for 127.0.0.1 at 2014-11-03 10:22:49 -0600

Sass::SyntaxError (An @import loop has been found: /Users/Chris/Desktop/onemonth/app/assets/stylesheets/bootstrap.css.scss imports itself
  (in /Users/Chris/Desktop/onemonth/app/assets/stylesheets/bootstrap.css.scss:1)):
  app/assets/stylesheets/bootstrap.css.scss:1
  app/assets/stylesheets/bootstrap.css.scss:1


  Rendered /Library/Ruby/Gems/2.0.0/gems/actionpack-4.1.7/lib/action_dispatch/middleware/templates/rescues/_source.erb (0.8ms)
  Rendered /Library/Ruby/Gems/2.0.0/gems/actionpack-4.1.7/lib/action_dispatch/middleware/templates/rescues/_trace.html.erb (1.3ms)
  Rendered /Library/Ruby/Gems/2.0.0/gems/actionpack-4.1.7/lib/action_dispatch/middleware/templates/rescues/_request_and_response.html.erb (1.4ms)
  Rendered /Library/Ruby/Gems/2.0.0/gems/actionpack-4.1.7/lib/action_dispatch/middleware/templates/rescues/diagnostics.erb within rescues/layout (20.3ms)


Started GET "/assets/jquery.js?body=1" for 127.0.0.1 at 2014-11-03 10:22:49 -0600


Started GET "/" for 127.0.0.1 at 2014-11-03 10:24:40 -0600
Processing by PagesController#home as HTML
  Rendered pages/home.html.erb within layouts/application (0.1ms)
Completed 200 OK in 85ms (Views: 84.2ms | ActiveRecord: 0.0ms)


Started GET "/assets/application.css?body=1" for 127.0.0.1 at 2014-11-03 10:24:40 -0600


Started GET "/assets/jquery.js?body=1" for 127.0.0.1 at 2014-11-03 10:24:40 -0600


Started GET "/assets/pages.js?body=1" for 127.0.0.1 at 2014-11-03 10:24:41 -0600


Started GET "/assets/turbolinks.js?body=1" for 127.0.0.1 at 2014-11-03 10:24:41 -0600


Started GET "/assets/jquery_ujs.js?body=1" for 127.0.0.1 at 2014-11-03 10:24:41 -0600


Started GET "/assets/application.js?body=1" for 127.0.0.1 at 2014-11-03 10:24:41 -0600


Started GET "/assets/bootstrap" for 127.0.0.1 at 2014-11-03 10:24:41 -0600

Sass::SyntaxError (An @import loop has been found: /Users/Chris/Desktop/onemonth/app/assets/stylesheets/bootstrap.css.scss imports itself
  (in /Users/Chris/Desktop/onemonth/app/assets/stylesheets/bootstrap.css.scss:1)):
  app/assets/stylesheets/bootstrap.css.scss:1
  app/assets/stylesheets/bootstrap.css.scss:1


  Rendered /Library/Ruby/Gems/2.0.0/gems/actionpack-4.1.7/lib/action_dispatch/middleware/templates/rescues/_source.erb (0.6ms)
  Rendered /Library/Ruby/Gems/2.0.0/gems/actionpack-4.1.7/lib/action_dispatch/middleware/templates/rescues/_trace.html.erb (1.2ms)
  Rendered /Library/Ruby/Gems/2.0.0/gems/actionpack-4.1.7/lib/action_dispatch/middleware/templates/rescues/_request_and_response.html.erb (1.3ms)
  Rendered /Library/Ruby/Gems/2.0.0/gems/actionpack-4.1.7/lib/action_dispatch/middleware/templates/rescues/diagnostics.erb within rescues/layout (16.0ms)


Started GET "/" for 127.0.0.1 at 2014-11-03 10:25:03 -0600
Processing by PagesController#home as HTML
  Rendered pages/home.html.erb within layouts/application (0.2ms)
Completed 500 Internal Server Error in 20ms

ActionView::Template::Error (An @import loop has been found: /Users/Chris/Desktop/onemonth/app/assets/stylesheets/bootstrap.css.scss imports itself
  (in /Users/Chris/Desktop/onemonth/app/assets/stylesheets/bootstrap.css.scss:1)):
    2: <html>
    3: <head>
    4:   <title>OneMonth</title>
    5:   <%= stylesheet_link_tag    'application', media: 'all', 'data-turbolinks-track' => true %>
    6:   <%= javascript_include_tag 'application', 'data-turbolinks-track' => true %>
    7:   <%= csrf_meta_tags %>
    8: </head>
  app/assets/stylesheets/bootstrap.css.scss:1
  app/assets/stylesheets/bootstrap.css.scss:1
  app/views/layouts/application.html.erb:5:in `_app_views_layouts_application_html_erb__2240055749808299103_70327531904920'


  Rendered /Library/Ruby/Gems/2.0.0/gems/actionpack-4.1.7/lib/action_dispatch/middleware/templates/rescues/_trace.html.erb (1.6ms)
  Rendered /Library/Ruby/Gems/2.0.0/gems/actionpack-4.1.7/lib/action_dispatch/middleware/templates/rescues/_request_and_response.html.erb (1.0ms)
  Rendered /Library/Ruby/Gems/2.0.0/gems/actionpack-4.1.7/lib/action_dispatch/middleware/templates/rescues/template_error.html.erb within rescues/layout (13.0ms)


Started GET "/" for 127.0.0.1 at 2014-11-03 10:25:46 -0600
Processing by PagesController#home as HTML
  Rendered pages/home.html.erb within layouts/application (0.2ms)
Completed 500 Internal Server Error in 19ms

ActionView::Template::Error (An @import loop has been found: /Users/Chris/Desktop/onemonth/app/assets/stylesheets/bootstrap.css.scss imports itself
  (in /Users/Chris/Desktop/onemonth/app/assets/stylesheets/bootstrap.css.scss:1)):
    2: <html>
    3: <head>
    4:   <title>OneMonth</title>
    5:   <%= stylesheet_link_tag    'application', media: 'all', 'data-turbolinks-track' => true %>
    6:   <%= javascript_include_tag 'application', 'data-turbolinks-track' => true %>
    7:   <%= csrf_meta_tags %>
    8: </head>
  app/assets/stylesheets/bootstrap.css.scss:1
  app/assets/stylesheets/bootstrap.css.scss:1
  app/views/layouts/application.html.erb:5:in `_app_views_layouts_application_html_erb__2240055749808299103_70327531904920'


  Rendered /Library/Ruby/Gems/2.0.0/gems/actionpack-4.1.7/lib/action_dispatch/middleware/templates/rescues/_trace.html.erb (2.7ms)
  Rendered /Library/Ruby/Gems/2.0.0/gems/actionpack-4.1.7/lib/action_dispatch/middleware/templates/rescues/_request_and_response.html.erb (1.0ms)
  Rendered /Library/Ruby/Gems/2.0.0/gems/actionpack-4.1.7/lib/action_dispatch/middleware/templates/rescues/template_error.html.erb within rescues/layout (13.4ms)


Started GET "/assets/bootstrap" for 127.0.0.1 at 2014-11-03 10:26:13 -0600

Sass::SyntaxError (An @import loop has been found: /Users/Chris/Desktop/onemonth/app/assets/stylesheets/bootstrap.css.scss imports itself
  (in /Users/Chris/Desktop/onemonth/app/assets/stylesheets/bootstrap.css.scss:1)):
  app/assets/stylesheets/bootstrap.css.scss:1
  app/assets/stylesheets/bootstrap.css.scss:1


  Rendered /Library/Ruby/Gems/2.0.0/gems/actionpack-4.1.7/lib/action_dispatch/middleware/templates/rescues/_source.erb (0.9ms)
  Rendered /Library/Ruby/Gems/2.0.0/gems/actionpack-4.1.7/lib/action_dispatch/middleware/templates/rescues/_trace.html.erb (2.3ms)
  Rendered /Library/Ruby/Gems/2.0.0/gems/actionpack-4.1.7/lib/action_dispatch/middleware/templates/rescues/_request_and_response.html.erb (1.7ms)
  Rendered /Library/Ruby/Gems/2.0.0/gems/actionpack-4.1.7/lib/action_dispatch/middleware/templates/rescues/diagnostics.erb within rescues/layout (27.2ms)


Started GET "/" for 127.0.0.1 at 2014-11-03 10:26:19 -0600
Processing by PagesController#home as HTML
  Rendered pages/home.html.erb within layouts/application (0.2ms)
Completed 500 Internal Server Error in 68ms

ActionView::Template::Error (An @import loop has been found: /Users/Chris/Desktop/onemonth/app/assets/stylesheets/bootstrap.css.scss imports itself
  (in /Users/Chris/Desktop/onemonth/app/assets/stylesheets/bootstrap.css.scss:1)):
    2: <html>
    3: <head>
    4:   <title>OneMonth</title>
    5:   <%= stylesheet_link_tag    'application', media: 'all', 'data-turbolinks-track' => true %>
    6:   <%= javascript_include_tag 'application', 'data-turbolinks-track' => true %>
    7:   <%= csrf_meta_tags %>
    8: </head>
  app/assets/stylesheets/bootstrap.css.scss:1
  app/assets/stylesheets/bootstrap.css.scss:1
  app/views/layouts/application.html.erb:5:in `_app_views_layouts_application_html_erb__2240055749808299103_70327531904920'


  Rendered /Library/Ruby/Gems/2.0.0/gems/actionpack-4.1.7/lib/action_dispatch/middleware/templates/rescues/_trace.html.erb (1.4ms)
  Rendered /Library/Ruby/Gems/2.0.0/gems/actionpack-4.1.7/lib/action_dispatch/middleware/templates/rescues/_request_and_response.html.erb (1.2ms)
  Rendered /Library/Ruby/Gems/2.0.0/gems/actionpack-4.1.7/lib/action_dispatch/middleware/templates/rescues/template_error.html.erb within rescues/layout (14.1ms)


Started GET "/" for 127.0.0.1 at 2014-11-03 10:26:21 -0600
Processing by PagesController#home as HTML
  Rendered pages/home.html.erb within layouts/application (0.3ms)
Completed 500 Internal Server Error in 16ms

ActionView::Template::Error (An @import loop has been found: /Users/Chris/Desktop/onemonth/app/assets/stylesheets/bootstrap.css.scss imports itself
  (in /Users/Chris/Desktop/onemonth/app/assets/stylesheets/bootstrap.css.scss:1)):
    2: <html>
    3: <head>
    4:   <title>OneMonth</title>
    5:   <%= stylesheet_link_tag    'application', media: 'all', 'data-turbolinks-track' => true %>
    6:   <%= javascript_include_tag 'application', 'data-turbolinks-track' => true %>
    7:   <%= csrf_meta_tags %>
    8: </head>
  app/assets/stylesheets/bootstrap.css.scss:1
  app/assets/stylesheets/bootstrap.css.scss:1
  app/views/layouts/application.html.erb:5:in `_app_views_layouts_application_html_erb__2240055749808299103_70327531904920'


  Rendered /Library/Ruby/Gems/2.0.0/gems/actionpack-4.1.7/lib/action_dispatch/middleware/templates/rescues/_trace.html.erb (1.6ms)
  Rendered /Library/Ruby/Gems/2.0.0/gems/actionpack-4.1.7/lib/action_dispatch/middleware/templates/rescues/_request_and_response.html.erb (1.1ms)
  Rendered /Library/Ruby/Gems/2.0.0/gems/actionpack-4.1.7/lib/action_dispatch/middleware/templates/rescues/template_error.html.erb within rescues/layout (13.4ms)


Started GET "/" for 127.0.0.1 at 2014-11-03 10:29:15 -0600
Processing by PagesController#home as HTML
  Rendered pages/home.html.erb within layouts/application (0.2ms)
Completed 500 Internal Server Error in 15ms

ActionView::Template::Error (An @import loop has been found: /Users/Chris/Desktop/onemonth/app/assets/stylesheets/bootstrap.css.scss imports itself
  (in /Users/Chris/Desktop/onemonth/app/assets/stylesheets/!bootstrap.css.scss:1)):
    2: <html>
    3: <head>
    4:   <title>OneMonth</title>
    5:   <%= stylesheet_link_tag    'application', media: 'all', 'data-turbolinks-track' => true %>
    6:   <%= javascript_include_tag 'application', 'data-turbolinks-track' => true %>
    7:   <%= csrf_meta_tags %>
    8: </head>
  app/assets/stylesheets/bootstrap.css.scss:1
  app/assets/stylesheets/bootstrap.css.scss:1
  app/assets/stylesheets/!bootstrap.css.scss:1
  app/views/layouts/application.html.erb:5:in `_app_views_layouts_application_html_erb__2240055749808299103_70327531904920'


  Rendered /Library/Ruby/Gems/2.0.0/gems/actionpack-4.1.7/lib/action_dispatch/middleware/templates/rescues/_trace.html.erb (2.5ms)
  Rendered /Library/Ruby/Gems/2.0.0/gems/actionpack-4.1.7/lib/action_dispatch/middleware/templates/rescues/_request_and_response.html.erb (1.8ms)
  Rendered /Library/Ruby/Gems/2.0.0/gems/actionpack-4.1.7/lib/action_dispatch/middleware/templates/rescues/template_error.html.erb within rescues/layout (21.8ms)


Started GET "/" for 127.0.0.1 at 2014-11-03 10:29:21 -0600
Processing by PagesController#home as HTML
  Rendered pages/home.html.erb within layouts/application (0.2ms)
Completed 500 Internal Server Error in 18ms

ActionView::Template::Error (An @import loop has been found: /Users/Chris/Desktop/onemonth/app/assets/stylesheets/bootstrap.css.scss imports itself
  (in /Users/Chris/Desktop/onemonth/app/assets/stylesheets/!bootstrap.css.scss:1)):
    2: <html>
    3: <head>
    4:   <title>OneMonth</title>
    5:   <%= stylesheet_link_tag    'application', media: 'all', 'data-turbolinks-track' => true %>
    6:   <%= javascript_include_tag 'application', 'data-turbolinks-track' => true %>
    7:   <%= csrf_meta_tags %>
    8: </head>
  app/assets/stylesheets/bootstrap.css.scss:1
  app/assets/stylesheets/bootstrap.css.scss:1
  app/assets/stylesheets/!bootstrap.css.scss:1
  app/views/layouts/application.html.erb:5:in `_app_views_layouts_application_html_erb__2240055749808299103_70327531904920'


  Rendered /Library/Ruby/Gems/2.0.0/gems/actionpack-4.1.7/lib/action_dispatch/middleware/templates/rescues/_trace.html.erb (1.5ms)
  Rendered /Library/Ruby/Gems/2.0.0/gems/actionpack-4.1.7/lib/action_dispatch/middleware/templates/rescues/_request_and_response.html.erb (1.1ms)
  Rendered /Library/Ruby/Gems/2.0.0/gems/actionpack-4.1.7/lib/action_dispatch/middleware/templates/rescues/template_error.html.erb within rescues/layout (12.4ms)


Started GET "/" for 127.0.0.1 at 2014-11-03 10:29:34 -0600
Processing by PagesController#home as HTML
  Rendered pages/home.html.erb within layouts/application (1.9ms)
Completed 500 Internal Server Error in 50ms

ActionView::Template::Error (An @import loop has been found: /Users/Chris/Desktop/onemonth/app/assets/stylesheets/bootstrap.css.scss imports itself
  (in /Users/Chris/Desktop/onemonth/app/assets/stylesheets/!bootstrap.css.scss:1)):
    2: <html>
    3: <head>
    4:   <title>OneMonth</title>
    5:   <%= stylesheet_link_tag    'application', media: 'all', 'data-turbolinks-track' => true %>
    6:   <%= javascript_include_tag 'application', 'data-turbolinks-track' => true %>
    7:   <%= csrf_meta_tags %>
    8: </head>
  app/assets/stylesheets/bootstrap.css.scss:1
  app/assets/stylesheets/bootstrap.css.scss:1
  app/assets/stylesheets/!bootstrap.css.scss:1
  app/views/layouts/application.html.erb:5:in `_app_views_layouts_application_html_erb__3202527751824198612_70162528343640'


  Rendered /Library/Ruby/Gems/2.0.0/gems/actionpack-4.1.7/lib/action_dispatch/middleware/templates/rescues/_trace.html.erb (1.6ms)
  Rendered /Library/Ruby/Gems/2.0.0/gems/actionpack-4.1.7/lib/action_dispatch/middleware/templates/rescues/_request_and_response.html.erb (1.0ms)
  Rendered /Library/Ruby/Gems/2.0.0/gems/actionpack-4.1.7/lib/action_dispatch/middleware/templates/rescues/template_error.html.erb within rescues/layout (15.1ms)


Started GET "/" for 127.0.0.1 at 2014-11-03 10:29:35 -0600
Processing by PagesController#home as HTML
  Rendered pages/home.html.erb within layouts/application (0.2ms)
Completed 500 Internal Server Error in 16ms

ActionView::Template::Error (An @import loop has been found: /Users/Chris/Desktop/onemonth/app/assets/stylesheets/bootstrap.css.scss imports itself
  (in /Users/Chris/Desktop/onemonth/app/assets/stylesheets/!bootstrap.css.scss:1)):
    2: <html>
    3: <head>
    4:   <title>OneMonth</title>
    5:   <%= stylesheet_link_tag    'application', media: 'all', 'data-turbolinks-track' => true %>
    6:   <%= javascript_include_tag 'application', 'data-turbolinks-track' => true %>
    7:   <%= csrf_meta_tags %>
    8: </head>
  app/assets/stylesheets/bootstrap.css.scss:1
  app/assets/stylesheets/bootstrap.css.scss:1
  app/assets/stylesheets/!bootstrap.css.scss:1
  app/views/layouts/application.html.erb:5:in `_app_views_layouts_application_html_erb__3202527751824198612_70162528343640'


  Rendered /Library/Ruby/Gems/2.0.0/gems/actionpack-4.1.7/lib/action_dispatch/middleware/templates/rescues/_trace.html.erb (1.5ms)
  Rendered /Library/Ruby/Gems/2.0.0/gems/actionpack-4.1.7/lib/action_dispatch/middleware/templates/rescues/_request_and_response.html.erb (1.0ms)
  Rendered /Library/Ruby/Gems/2.0.0/gems/actionpack-4.1.7/lib/action_dispatch/middleware/templates/rescues/template_error.html.erb within rescues/layout (12.7ms)


Started GET "/" for 127.0.0.1 at 2014-11-03 10:29:37 -0600
Processing by PagesController#home as HTML
  Rendered pages/home.html.erb within layouts/application (0.2ms)
Completed 500 Internal Server Error in 54ms

ActionView::Template::Error (An @import loop has been found: /Users/Chris/Desktop/onemonth/app/assets/stylesheets/bootstrap.css.scss imports itself
  (in /Users/Chris/Desktop/onemonth/app/assets/stylesheets/!bootstrap.css.scss:1)):
    2: <html>
    3: <head>
    4:   <title>OneMonth</title>
    5:   <%= stylesheet_link_tag    'application', media: 'all', 'data-turbolinks-track' => true %>
    6:   <%= javascript_include_tag 'application', 'data-turbolinks-track' => true %>
    7:   <%= csrf_meta_tags %>
    8: </head>
  app/assets/stylesheets/bootstrap.css.scss:1
  app/assets/stylesheets/bootstrap.css.scss:1
  app/assets/stylesheets/!bootstrap.css.scss:1
  app/views/layouts/application.html.erb:5:in `_app_views_layouts_application_html_erb__3202527751824198612_70162528343640'


  Rendered /Library/Ruby/Gems/2.0.0/gems/actionpack-4.1.7/lib/action_dispatch/middleware/templates/rescues/_trace.html.erb (1.5ms)
  Rendered /Library/Ruby/Gems/2.0.0/gems/actionpack-4.1.7/lib/action_dispatch/middleware/templates/rescues/_request_and_response.html.erb (1.1ms)
  Rendered /Library/Ruby/Gems/2.0.0/gems/actionpack-4.1.7/lib/action_dispatch/middleware/templates/rescues/template_error.html.erb within rescues/layout (12.6ms)


Started GET "/" for 127.0.0.1 at 2014-11-03 10:29:46 -0600
Processing by PagesController#home as HTML
  Rendered pages/home.html.erb within layouts/application (0.2ms)
Completed 500 Internal Server Error in 16ms

ActionView::Template::Error (An @import loop has been found: /Users/Chris/Desktop/onemonth/app/assets/stylesheets/bootstrap.css.scss imports itself
  (in /Users/Chris/Desktop/onemonth/app/assets/stylesheets/!bootstrap.css.scss:1)):
    2: <html>
    3: <head>
    4:   <title>OneMonth</title>
    5:   <%= stylesheet_link_tag    'application', media: 'all', 'data-turbolinks-track' => true %>
    6:   <%= javascript_include_tag 'application', 'data-turbolinks-track' => true %>
    7:   <%= csrf_meta_tags %>
    8: </head>
  app/assets/stylesheets/bootstrap.css.scss:1
  app/assets/stylesheets/bootstrap.css.scss:1
  app/assets/stylesheets/!bootstrap.css.scss:1
  app/views/layouts/application.html.erb:5:in `_app_views_layouts_application_html_erb__3202527751824198612_70162528343640'


  Rendered /Library/Ruby/Gems/2.0.0/gems/actionpack-4.1.7/lib/action_dispatch/middleware/templates/rescues/_trace.html.erb (1.5ms)
  Rendered /Library/Ruby/Gems/2.0.0/gems/actionpack-4.1.7/lib/action_dispatch/middleware/templates/rescues/_request_and_response.html.erb (1.0ms)
  Rendered /Library/Ruby/Gems/2.0.0/gems/actionpack-4.1.7/lib/action_dispatch/middleware/templates/rescues/template_error.html.erb within rescues/layout (12.4ms)


Started GET "/" for 127.0.0.1 at 2014-11-03 10:29:47 -0600
Processing by PagesController#home as HTML
  Rendered pages/home.html.erb within layouts/application (0.2ms)
Completed 500 Internal Server Error in 17ms

ActionView::Template::Error (An @import loop has been found: /Users/Chris/Desktop/onemonth/app/assets/stylesheets/bootstrap.css.scss imports itself
  (in /Users/Chris/Desktop/onemonth/app/assets/stylesheets/!bootstrap.css.scss:1)):
    2: <html>
    3: <head>
    4:   <title>OneMonth</title>
    5:   <%= stylesheet_link_tag    'application', media: 'all', 'data-turbolinks-track' => true %>
    6:   <%= javascript_include_tag 'application', 'data-turbolinks-track' => true %>
    7:   <%= csrf_meta_tags %>
    8: </head>
  app/assets/stylesheets/bootstrap.css.scss:1
  app/assets/stylesheets/bootstrap.css.scss:1
  app/assets/stylesheets/!bootstrap.css.scss:1
  app/views/layouts/application.html.erb:5:in `_app_views_layouts_application_html_erb__3202527751824198612_70162528343640'


  Rendered /Library/Ruby/Gems/2.0.0/gems/actionpack-4.1.7/lib/action_dispatch/middleware/templates/rescues/_trace.html.erb (1.4ms)
  Rendered /Library/Ruby/Gems/2.0.0/gems/actionpack-4.1.7/lib/action_dispatch/middleware/templates/rescues/_request_and_response.html.erb (1.0ms)
  Rendered /Library/Ruby/Gems/2.0.0/gems/actionpack-4.1.7/lib/action_dispatch/middleware/templates/rescues/template_error.html.erb within rescues/layout (12.2ms)


Started GET "/" for 127.0.0.1 at 2014-11-03 10:29:55 -0600
Processing by PagesController#home as HTML
  Rendered pages/home.html.erb within layouts/application (1.2ms)
Completed 500 Internal Server Error in 46ms

ActionView::Template::Error (An @import loop has been found: /Users/Chris/Desktop/onemonth/app/assets/stylesheets/bootstrap.css.scss imports itself
  (in /Users/Chris/Desktop/onemonth/app/assets/stylesheets/!bootstrap.css.scss:1)):
    2: <html>
    3: <head>
    4:   <title>OneMonth</title>
    5:   <%= stylesheet_link_tag    'application', media: 'all', 'data-turbolinks-track' => true %>
    6:   <%= javascript_include_tag 'application', 'data-turbolinks-track' => true %>
    7:   <%= csrf_meta_tags %>
    8: </head>
  app/assets/stylesheets/bootstrap.css.scss:1
  app/assets/stylesheets/bootstrap.css.scss:1
  app/assets/stylesheets/!bootstrap.css.scss:1
  app/views/layouts/application.html.erb:5:in `_app_views_layouts_application_html_erb___1016815027223843320_70110898108240'


  Rendered /Library/Ruby/Gems/2.0.0/gems/actionpack-4.1.7/lib/action_dispatch/middleware/templates/rescues/_trace.html.erb (1.4ms)
  Rendered /Library/Ruby/Gems/2.0.0/gems/actionpack-4.1.7/lib/action_dispatch/middleware/templates/rescues/_request_and_response.html.erb (1.1ms)
  Rendered /Library/Ruby/Gems/2.0.0/gems/actionpack-4.1.7/lib/action_dispatch/middleware/templates/rescues/template_error.html.erb within rescues/layout (12.0ms)


Started GET "/" for 127.0.0.1 at 2014-11-03 10:29:57 -0600
Processing by PagesController#home as HTML
  Rendered pages/home.html.erb within layouts/application (0.3ms)
Completed 500 Internal Server Error in 17ms

ActionView::Template::Error (An @import loop has been found: /Users/Chris/Desktop/onemonth/app/assets/stylesheets/bootstrap.css.scss imports itself
  (in /Users/Chris/Desktop/onemonth/app/assets/stylesheets/!bootstrap.css.scss:1)):
    2: <html>
    3: <head>
    4:   <title>OneMonth</title>
    5:   <%= stylesheet_link_tag    'application', media: 'all', 'data-turbolinks-track' => true %>
    6:   <%= javascript_include_tag 'application', 'data-turbolinks-track' => true %>
    7:   <%= csrf_meta_tags %>
    8: </head>
  app/assets/stylesheets/bootstrap.css.scss:1
  app/assets/stylesheets/bootstrap.css.scss:1
  app/assets/stylesheets/!bootstrap.css.scss:1
  app/views/layouts/application.html.erb:5:in `_app_views_layouts_application_html_erb___1016815027223843320_70110898108240'


  Rendered /Library/Ruby/Gems/2.0.0/gems/actionpack-4.1.7/lib/action_dispatch/middleware/templates/rescues/_trace.html.erb (1.6ms)
  Rendered /Library/Ruby/Gems/2.0.0/gems/actionpack-4.1.7/lib/action_dispatch/middleware/templates/rescues/_request_and_response.html.erb (1.1ms)
  Rendered /Library/Ruby/Gems/2.0.0/gems/actionpack-4.1.7/lib/action_dispatch/middleware/templates/rescues/template_error.html.erb within rescues/layout (12.9ms)


Started GET "/" for 127.0.0.1 at 2014-11-03 10:30:24 -0600
Processing by PagesController#home as HTML
  Rendered pages/home.html.erb within layouts/application (0.1ms)
Completed 200 OK in 3519ms (Views: 3518.2ms | ActiveRecord: 0.0ms)


Started GET "/assets/!bootstrap.css?body=1" for 127.0.0.1 at 2014-11-03 10:30:28 -0600


Started GET "/assets/pages.css?body=1" for 127.0.0.1 at 2014-11-03 10:30:28 -0600


Started GET "/assets/pages.js?body=1" for 127.0.0.1 at 2014-11-03 10:30:28 -0600


Started GET "/assets/application.css?body=1" for 127.0.0.1 at 2014-11-03 10:30:28 -0600


Started GET "/" for 127.0.0.1 at 2014-11-03 10:33:37 -0600
Processing by PagesController#home as HTML
  Rendered pages/home.html.erb within layouts/application (1.7ms)
Completed 200 OK in 75ms (Views: 74.2ms | ActiveRecord: 0.0ms)


Started GET "/assets/!bootstrap.css?body=1" for 127.0.0.1 at 2014-11-03 10:33:38 -0600


Started GET "/assets/jquery_ujs.js?body=1" for 127.0.0.1 at 2014-11-03 10:33:38 -0600


Started GET "/assets/jquery.js?body=1" for 127.0.0.1 at 2014-11-03 10:33:38 -0600


Started GET "/assets/application.css?body=1" for 127.0.0.1 at 2014-11-03 10:33:38 -0600


Started GET "/assets/pages.css?body=1" for 127.0.0.1 at 2014-11-03 10:33:38 -0600


Started GET "/assets/pages.js?body=1" for 127.0.0.1 at 2014-11-03 10:33:38 -0600


Started GET "/assets/turbolinks.js?body=1" for 127.0.0.1 at 2014-11-03 10:33:38 -0600


Started GET "/assets/application.js?body=1" for 127.0.0.1 at 2014-11-03 10:33:38 -0600


Started GET "/" for 127.0.0.1 at 2014-11-03 10:37:34 -0600
Processing by PagesController#home as HTML
  Rendered pages/home.html.erb within layouts/application (0.2ms)
  Rendered layouts/_header.html.erb (0.4ms)
Completed 200 OK in 110ms (Views: 108.6ms | ActiveRecord: 0.0ms)


Started GET "/assets/!bootstrap.css?body=1" for 127.0.0.1 at 2014-11-03 10:37:34 -0600


Started GET "/assets/pages.css?body=1" for 127.0.0.1 at 2014-11-03 10:37:34 -0600


Started GET "/assets/pages.js?body=1" for 127.0.0.1 at 2014-11-03 10:37:34 -0600


Started GET "/assets/application.css?body=1" for 127.0.0.1 at 2014-11-03 10:37:34 -0600


Started GET "/assets/jquery.js?body=1" for 127.0.0.1 at 2014-11-03 10:37:34 -0600


Started GET "/assets/jquery_ujs.js?body=1" for 127.0.0.1 at 2014-11-03 10:37:34 -0600


Started GET "/assets/application.js?body=1" for 127.0.0.1 at 2014-11-03 10:37:34 -0600


Started GET "/assets/turbolinks.js?body=1" for 127.0.0.1 at 2014-11-03 10:37:34 -0600


Started GET "/" for 127.0.0.1 at 2014-11-03 10:38:40 -0600
Processing by PagesController#home as HTML
  Rendered pages/home.html.erb within layouts/application (0.2ms)
  Rendered layouts/_header.html.erb (0.4ms)
Completed 200 OK in 65ms (Views: 63.8ms | ActiveRecord: 0.0ms)


Started GET "/assets/!bootstrap.css?body=1" for 127.0.0.1 at 2014-11-03 10:38:40 -0600


Started GET "/assets/pages.css?body=1" for 127.0.0.1 at 2014-11-03 10:38:40 -0600


Started GET "/assets/pages.js?body=1" for 127.0.0.1 at 2014-11-03 10:38:40 -0600


Started GET "/assets/application.css?body=1" for 127.0.0.1 at 2014-11-03 10:38:40 -0600


Started GET "/assets/turbolinks.js?body=1" for 127.0.0.1 at 2014-11-03 10:38:40 -0600


Started GET "/assets/jquery.js?body=1" for 127.0.0.1 at 2014-11-03 10:38:40 -0600


Started GET "/assets/jquery_ujs.js?body=1" for 127.0.0.1 at 2014-11-03 10:38:40 -0600


Started GET "/assets/application.js?body=1" for 127.0.0.1 at 2014-11-03 10:38:40 -0600


Started GET "/" for 127.0.0.1 at 2014-11-03 10:39:54 -0600
Processing by PagesController#home as HTML
  Rendered pages/home.html.erb within layouts/application (0.1ms)
  Rendered layouts/_header.html.erb (0.4ms)
Completed 200 OK in 111ms (Views: 109.7ms | ActiveRecord: 0.0ms)


Started GET "/assets/!bootstrap.css?body=1" for 127.0.0.1 at 2014-11-03 10:39:55 -0600


Started GET "/assets/pages.css?body=1" for 127.0.0.1 at 2014-11-03 10:39:55 -0600


Started GET "/assets/application.css?body=1" for 127.0.0.1 at 2014-11-03 10:39:55 -0600


Started GET "/assets/turbolinks.js?body=1" for 127.0.0.1 at 2014-11-03 10:39:55 -0600


Started GET "/assets/pages.js?body=1" for 127.0.0.1 at 2014-11-03 10:39:55 -0600


Started GET "/assets/jquery_ujs.js?body=1" for 127.0.0.1 at 2014-11-03 10:39:55 -0600


Started GET "/assets/jquery.js?body=1" for 127.0.0.1 at 2014-11-03 10:39:55 -0600


Started GET "/assets/application.js?body=1" for 127.0.0.1 at 2014-11-03 10:39:55 -0600


Started GET "/" for 127.0.0.1 at 2014-11-03 10:40:52 -0600
Processing by PagesController#home as HTML
  Rendered pages/home.html.erb within layouts/application (0.1ms)
  Rendered layouts/_header.html.erb (0.5ms)
Completed 200 OK in 61ms (Views: 59.8ms | ActiveRecord: 0.0ms)


Started GET "/assets/!bootstrap.css?body=1" for 127.0.0.1 at 2014-11-03 10:40:52 -0600


Started GET "/assets/pages.css?body=1" for 127.0.0.1 at 2014-11-03 10:40:52 -0600


Started GET "/assets/pages.js?body=1" for 127.0.0.1 at 2014-11-03 10:40:52 -0600


Started GET "/assets/turbolinks.js?body=1" for 127.0.0.1 at 2014-11-03 10:40:52 -0600


Started GET "/assets/jquery.js?body=1" for 127.0.0.1 at 2014-11-03 10:40:52 -0600


Started GET "/assets/application.css?body=1" for 127.0.0.1 at 2014-11-03 10:40:52 -0600


Started GET "/assets/application.js?body=1" for 127.0.0.1 at 2014-11-03 10:40:52 -0600


Started GET "/assets/jquery_ujs.js?body=1" for 127.0.0.1 at 2014-11-03 10:40:52 -0600


Started GET "/" for 127.0.0.1 at 2014-11-03 10:41:34 -0600
Processing by PagesController#home as HTML
  Rendered pages/home.html.erb within layouts/application (0.2ms)
  Rendered layouts/_header.html.erb (0.4ms)
Completed 200 OK in 58ms (Views: 56.7ms | ActiveRecord: 0.0ms)


Started GET "/assets/!bootstrap.css?body=1" for 127.0.0.1 at 2014-11-03 10:41:34 -0600


Started GET "/assets/pages.css?body=1" for 127.0.0.1 at 2014-11-03 10:41:34 -0600


Started GET "/assets/application.css?body=1" for 127.0.0.1 at 2014-11-03 10:41:34 -0600


Started GET "/assets/jquery_ujs.js?body=1" for 127.0.0.1 at 2014-11-03 10:41:35 -0600


Started GET "/assets/turbolinks.js?body=1" for 127.0.0.1 at 2014-11-03 10:41:35 -0600


Started GET "/assets/application.js?body=1" for 127.0.0.1 at 2014-11-03 10:41:35 -0600


Started GET "/assets/pages.js?body=1" for 127.0.0.1 at 2014-11-03 10:41:35 -0600


Started GET "/assets/jquery.js?body=1" for 127.0.0.1 at 2014-11-03 10:41:35 -0600


Started GET "/" for 127.0.0.1 at 2014-11-03 10:42:23 -0600
Processing by PagesController#home as HTML
  Rendered pages/home.html.erb within layouts/application (0.2ms)
  Rendered layouts/_header.html.erb (0.4ms)
Completed 200 OK in 59ms (Views: 57.9ms | ActiveRecord: 0.0ms)


Started GET "/assets/!bootstrap.css?body=1" for 127.0.0.1 at 2014-11-03 10:42:23 -0600


Started GET "/assets/pages.css?body=1" for 127.0.0.1 at 2014-11-03 10:42:23 -0600


Started GET "/assets/pages.js?body=1" for 127.0.0.1 at 2014-11-03 10:42:23 -0600


Started GET "/assets/turbolinks.js?body=1" for 127.0.0.1 at 2014-11-03 10:42:23 -0600


Started GET "/assets/jquery_ujs.js?body=1" for 127.0.0.1 at 2014-11-03 10:42:23 -0600


Started GET "/assets/jquery.js?body=1" for 127.0.0.1 at 2014-11-03 10:42:23 -0600


Started GET "/assets/application.css?body=1" for 127.0.0.1 at 2014-11-03 10:42:23 -0600


Started GET "/assets/application.js?body=1" for 127.0.0.1 at 2014-11-03 10:42:23 -0600


Started GET "/" for 127.0.0.1 at 2014-11-03 10:43:13 -0600
Processing by PagesController#home as HTML
  Rendered pages/home.html.erb within layouts/application (0.3ms)
  Rendered layouts/_header.html.erb (0.5ms)
Completed 200 OK in 65ms (Views: 64.0ms | ActiveRecord: 0.0ms)


Started GET "/assets/!bootstrap.css?body=1" for 127.0.0.1 at 2014-11-03 10:43:13 -0600


Started GET "/assets/pages.css?body=1" for 127.0.0.1 at 2014-11-03 10:43:13 -0600


Started GET "/assets/application.css?body=1" for 127.0.0.1 at 2014-11-03 10:43:13 -0600


Started GET "/assets/jquery.js?body=1" for 127.0.0.1 at 2014-11-03 10:43:13 -0600


Started GET "/assets/turbolinks.js?body=1" for 127.0.0.1 at 2014-11-03 10:43:13 -0600


Started GET "/assets/pages.js?body=1" for 127.0.0.1 at 2014-11-03 10:43:13 -0600


Started GET "/assets/jquery_ujs.js?body=1" for 127.0.0.1 at 2014-11-03 10:43:13 -0600


Started GET "/assets/application.js?body=1" for 127.0.0.1 at 2014-11-03 10:43:13 -0600


Started GET "/" for 127.0.0.1 at 2014-11-03 10:43:48 -0600
Processing by PagesController#home as HTML
  Rendered pages/home.html.erb within layouts/application (0.1ms)
  Rendered layouts/_header.html.erb (0.7ms)
Completed 200 OK in 110ms (Views: 109.1ms | ActiveRecord: 0.0ms)


Started GET "/assets/!bootstrap.css?body=1" for 127.0.0.1 at 2014-11-03 10:43:48 -0600


Started GET "/assets/application.css?body=1" for 127.0.0.1 at 2014-11-03 10:43:48 -0600


Started GET "/assets/pages.js?body=1" for 127.0.0.1 at 2014-11-03 10:43:48 -0600


Started GET "/assets/pages.css?body=1" for 127.0.0.1 at 2014-11-03 10:43:48 -0600


Started GET "/assets/application.js?body=1" for 127.0.0.1 at 2014-11-03 10:43:48 -0600


Started GET "/assets/jquery.js?body=1" for 127.0.0.1 at 2014-11-03 10:43:48 -0600


Started GET "/assets/turbolinks.js?body=1" for 127.0.0.1 at 2014-11-03 10:43:48 -0600


Started GET "/assets/jquery_ujs.js?body=1" for 127.0.0.1 at 2014-11-03 10:43:48 -0600


Started GET "/" for 127.0.0.1 at 2014-11-03 10:44:12 -0600
Processing by PagesController#home as HTML
  Rendered pages/home.html.erb within layouts/application (0.1ms)
  Rendered layouts/_header.html.erb (0.9ms)
Completed 200 OK in 66ms (Views: 65.4ms | ActiveRecord: 0.0ms)


Started GET "/assets/!bootstrap.css?body=1" for 127.0.0.1 at 2014-11-03 10:44:12 -0600


Started GET "/assets/application.css?body=1" for 127.0.0.1 at 2014-11-03 10:44:12 -0600


Started GET "/assets/pages.css?body=1" for 127.0.0.1 at 2014-11-03 10:44:12 -0600


Started GET "/assets/turbolinks.js?body=1" for 127.0.0.1 at 2014-11-03 10:44:12 -0600


Started GET "/assets/jquery_ujs.js?body=1" for 127.0.0.1 at 2014-11-03 10:44:12 -0600


Started GET "/assets/jquery.js?body=1" for 127.0.0.1 at 2014-11-03 10:44:12 -0600


Started GET "/assets/pages.js?body=1" for 127.0.0.1 at 2014-11-03 10:44:12 -0600


Started GET "/assets/application.js?body=1" for 127.0.0.1 at 2014-11-03 10:44:12 -0600


Started GET "/about" for 127.0.0.1 at 2014-11-03 10:44:25 -0600
Processing by PagesController#about as HTML
  Rendered pages/about.html.erb within layouts/application (0.4ms)
  Rendered layouts/_header.html.erb (0.8ms)
Completed 200 OK in 113ms (Views: 112.2ms | ActiveRecord: 0.0ms)


Started GET "/" for 127.0.0.1 at 2014-11-03 10:44:26 -0600
Processing by PagesController#home as HTML
  Rendered pages/home.html.erb within layouts/application (0.6ms)
  Rendered layouts/_header.html.erb (0.6ms)
Completed 200 OK in 81ms (Views: 79.8ms | ActiveRecord: 0.0ms)


Started GET "/" for 127.0.0.1 at 2014-11-03 10:45:34 -0600
Processing by PagesController#home as HTML
  Rendered pages/home.html.erb within layouts/application (0.1ms)
  Rendered layouts/_header.html.erb (0.6ms)
Completed 200 OK in 157ms (Views: 155.5ms | ActiveRecord: 0.0ms)


Started GET "/assets/!bootstrap.css?body=1" for 127.0.0.1 at 2014-11-03 10:45:35 -0600


Started GET "/assets/bootstrap.js?body=1" for 127.0.0.1 at 2014-11-03 10:45:35 -0600


Started GET "/assets/pages.css?body=1" for 127.0.0.1 at 2014-11-03 10:45:35 -0600


Started GET "/assets/application.css?body=1" for 127.0.0.1 at 2014-11-03 10:45:35 -0600


Started GET "/assets/jquery_ujs.js?body=1" for 127.0.0.1 at 2014-11-03 10:45:35 -0600


Started GET "/assets/turbolinks.js?body=1" for 127.0.0.1 at 2014-11-03 10:45:35 -0600


Started GET "/assets/jquery.js?body=1" for 127.0.0.1 at 2014-11-03 10:45:35 -0600


Started GET "/assets/pages.js?body=1" for 127.0.0.1 at 2014-11-03 10:45:35 -0600


Started GET "/assets/application.js?body=1" for 127.0.0.1 at 2014-11-03 10:45:35 -0600


Started GET "/" for 127.0.0.1 at 2014-11-03 10:46:10 -0600
Processing by PagesController#home as HTML
  Rendered pages/home.html.erb within layouts/application (0.1ms)
  Rendered layouts/_header.html.erb (0.2ms)
Completed 200 OK in 141ms (Views: 139.7ms | ActiveRecord: 0.0ms)


Started GET "/assets/!bootstrap.css?body=1" for 127.0.0.1 at 2014-11-03 10:46:10 -0600


Started GET "/assets/application.css?body=1" for 127.0.0.1 at 2014-11-03 10:46:10 -0600


Started GET "/assets/pages.css?body=1" for 127.0.0.1 at 2014-11-03 10:46:10 -0600


Started GET "/assets/pages.js?body=1" for 127.0.0.1 at 2014-11-03 10:46:10 -0600


Started GET "/assets/application.js?body=1" for 127.0.0.1 at 2014-11-03 10:46:10 -0600


Started GET "/assets/jquery.js?body=1" for 127.0.0.1 at 2014-11-03 10:46:10 -0600


Started GET "/assets/jquery_ujs.js?body=1" for 127.0.0.1 at 2014-11-03 10:46:11 -0600


Started GET "/assets/turbolinks.js?body=1" for 127.0.0.1 at 2014-11-03 10:46:11 -0600


Started GET "/" for 127.0.0.1 at 2014-11-03 10:49:11 -0600
Processing by PagesController#home as HTML
  Rendered pages/home.html.erb within layouts/application (0.2ms)
  Rendered layouts/_header.html.erb (0.4ms)
Completed 200 OK in 111ms (Views: 109.9ms | ActiveRecord: 0.0ms)


Started GET "/assets/!bootstrap.css?body=1" for 127.0.0.1 at 2014-11-03 10:49:11 -0600


Started GET "/assets/pages.css?body=1" for 127.0.0.1 at 2014-11-03 10:49:11 -0600


Started GET "/assets/application.css?body=1" for 127.0.0.1 at 2014-11-03 10:49:11 -0600


Started GET "/assets/jquery.js?body=1" for 127.0.0.1 at 2014-11-03 10:49:11 -0600


Started GET "/assets/bootstrap.js?body=1" for 127.0.0.1 at 2014-11-03 10:49:11 -0600


Started GET "/assets/turbolinks.js?body=1" for 127.0.0.1 at 2014-11-03 10:49:11 -0600


Started GET "/assets/jquery_ujs.js?body=1" for 127.0.0.1 at 2014-11-03 10:49:11 -0600


Started GET "/assets/pages.js?body=1" for 127.0.0.1 at 2014-11-03 10:49:11 -0600


Started GET "/assets/application.js?body=1" for 127.0.0.1 at 2014-11-03 10:49:11 -0600


Started GET "/" for 127.0.0.1 at 2014-11-03 10:50:41 -0600
Processing by PagesController#home as HTML
  Rendered pages/home.html.erb within layouts/application (0.5ms)
  Rendered layouts/_header.html.erb (0.4ms)
Completed 200 OK in 71ms (Views: 69.8ms | ActiveRecord: 0.0ms)


Started GET "/assets/!bootstrap.css?body=1" for 127.0.0.1 at 2014-11-03 10:50:41 -0600


Started GET "/assets/jquery.js?body=1" for 127.0.0.1 at 2014-11-03 10:50:41 -0600


Started GET "/assets/application.css?body=1" for 127.0.0.1 at 2014-11-03 10:50:41 -0600


Started GET "/assets/pages.css?body=1" for 127.0.0.1 at 2014-11-03 10:50:41 -0600


Started GET "/assets/jquery_ujs.js?body=1" for 127.0.0.1 at 2014-11-03 10:50:41 -0600


Started GET "/assets/turbolinks.js?body=1" for 127.0.0.1 at 2014-11-03 10:50:41 -0600


Started GET "/assets/bootstrap.js?body=1" for 127.0.0.1 at 2014-11-03 10:50:41 -0600


Started GET "/assets/pages.js?body=1" for 127.0.0.1 at 2014-11-03 10:50:41 -0600


Started GET "/assets/application.js?body=1" for 127.0.0.1 at 2014-11-03 10:50:41 -0600


Started GET "/" for 127.0.0.1 at 2014-11-03 10:52:09 -0600
Processing by PagesController#home as HTML
  Rendered pages/home.html.erb within layouts/application (0.6ms)
Completed 500 Internal Server Error in 3ms

SyntaxError (/Users/Chris/Desktop/onemonth/app/views/pages/home.html.erb:3: syntax error, unexpected '='
...=( link_to "here", "#", class = "btn btn-primary" );@output_...
...                               ^):
  app/views/pages/home.html.erb:3: syntax error, unexpected '='


  Rendered /Library/Ruby/Gems/2.0.0/gems/actionpack-4.1.7/lib/action_dispatch/middleware/templates/rescues/_source.erb (1.0ms)
  Rendered /Library/Ruby/Gems/2.0.0/gems/actionpack-4.1.7/lib/action_dispatch/middleware/templates/rescues/_trace.html.erb (58.8ms)
  Rendered /Library/Ruby/Gems/2.0.0/gems/actionpack-4.1.7/lib/action_dispatch/middleware/templates/rescues/_request_and_response.html.erb (1.0ms)
  Rendered /Library/Ruby/Gems/2.0.0/gems/actionpack-4.1.7/lib/action_dispatch/middleware/templates/rescues/diagnostics.erb within rescues/layout (90.1ms)


Started GET "/" for 127.0.0.1 at 2014-11-03 10:53:02 -0600
Processing by PagesController#home as HTML
  Rendered pages/home.html.erb within layouts/application (0.5ms)
  Rendered layouts/_header.html.erb (0.7ms)
Completed 200 OK in 73ms (Views: 72.3ms | ActiveRecord: 0.0ms)


Started GET "/assets/!bootstrap.css?body=1" for 127.0.0.1 at 2014-11-03 10:53:03 -0600


Started GET "/assets/pages.css?body=1" for 127.0.0.1 at 2014-11-03 10:53:03 -0600


Started GET "/assets/turbolinks.js?body=1" for 127.0.0.1 at 2014-11-03 10:53:03 -0600


Started GET "/assets/jquery_ujs.js?body=1" for 127.0.0.1 at 2014-11-03 10:53:03 -0600


Started GET "/assets/application.js?body=1" for 127.0.0.1 at 2014-11-03 10:53:03 -0600


Started GET "/assets/pages.js?body=1" for 127.0.0.1 at 2014-11-03 10:53:03 -0600


Started GET "/assets/bootstrap.js?body=1" for 127.0.0.1 at 2014-11-03 10:53:03 -0600


Started GET "/assets/application.css?body=1" for 127.0.0.1 at 2014-11-03 10:53:03 -0600


Started GET "/assets/jquery.js?body=1" for 127.0.0.1 at 2014-11-03 10:53:03 -0600


Started GET "/" for 127.0.0.1 at 2014-11-03 10:54:03 -0600
Processing by PagesController#home as HTML
  Rendered pages/home.html.erb within layouts/application (0.5ms)
  Rendered layouts/_header.html.erb (0.3ms)
Completed 200 OK in 77ms (Views: 75.8ms | ActiveRecord: 0.0ms)


Started GET "/assets/!bootstrap.css?body=1" for 127.0.0.1 at 2014-11-03 10:54:03 -0600


Started GET "/assets/pages.css?body=1" for 127.0.0.1 at 2014-11-03 10:54:03 -0600


Started GET "/assets/turbolinks.js?body=1" for 127.0.0.1 at 2014-11-03 10:54:03 -0600


Started GET "/assets/application.css?body=1" for 127.0.0.1 at 2014-11-03 10:54:03 -0600


Started GET "/assets/jquery.js?body=1" for 127.0.0.1 at 2014-11-03 10:54:03 -0600


Started GET "/assets/pages.js?body=1" for 127.0.0.1 at 2014-11-03 10:54:03 -0600


Started GET "/assets/application.js?body=1" for 127.0.0.1 at 2014-11-03 10:54:03 -0600


Started GET "/assets/jquery_ujs.js?body=1" for 127.0.0.1 at 2014-11-03 10:54:03 -0600


Started GET "/assets/bootstrap.js?body=1" for 127.0.0.1 at 2014-11-03 10:54:03 -0600


Started GET "/" for 127.0.0.1 at 2014-11-03 10:54:18 -0600
Processing by PagesController#home as HTML
  Rendered pages/home.html.erb within layouts/application (3.3ms)
  Rendered layouts/_header.html.erb (0.3ms)
Completed 200 OK in 127ms (Views: 125.0ms | ActiveRecord: 0.0ms)


Started GET "/assets/!bootstrap.css?body=1" for 127.0.0.1 at 2014-11-03 10:54:18 -0600


Started GET "/assets/pages.css?body=1" for 127.0.0.1 at 2014-11-03 10:54:19 -0600


Started GET "/assets/application.css?body=1" for 127.0.0.1 at 2014-11-03 10:54:19 -0600


Started GET "/assets/jquery.js?body=1" for 127.0.0.1 at 2014-11-03 10:54:19 -0600


Started GET "/assets/turbolinks.js?body=1" for 127.0.0.1 at 2014-11-03 10:54:19 -0600


Started GET "/assets/jquery_ujs.js?body=1" for 127.0.0.1 at 2014-11-03 10:54:19 -0600


Started GET "/assets/bootstrap.js?body=1" for 127.0.0.1 at 2014-11-03 10:54:19 -0600


Started GET "/assets/pages.js?body=1" for 127.0.0.1 at 2014-11-03 10:54:19 -0600


Started GET "/assets/application.js?body=1" for 127.0.0.1 at 2014-11-03 10:54:19 -0600


Started GET "/" for 127.0.0.1 at 2014-11-03 10:54:27 -0600
Processing by PagesController#home as HTML
  Rendered pages/home.html.erb within layouts/application (0.8ms)
  Rendered layouts/_header.html.erb (0.4ms)
Completed 200 OK in 78ms (Views: 77.2ms | ActiveRecord: 0.0ms)


Started GET "/assets/!bootstrap.css?body=1" for 127.0.0.1 at 2014-11-03 10:54:27 -0600


Started GET "/assets/pages.css?body=1" for 127.0.0.1 at 2014-11-03 10:54:27 -0600


Started GET "/assets/jquery_ujs.js?body=1" for 127.0.0.1 at 2014-11-03 10:54:27 -0600


Started GET "/assets/bootstrap.js?body=1" for 127.0.0.1 at 2014-11-03 10:54:27 -0600


Started GET "/assets/jquery.js?body=1" for 127.0.0.1 at 2014-11-03 10:54:27 -0600


Started GET "/assets/application.css?body=1" for 127.0.0.1 at 2014-11-03 10:54:27 -0600


Started GET "/assets/pages.js?body=1" for 127.0.0.1 at 2014-11-03 10:54:27 -0600


Started GET "/assets/turbolinks.js?body=1" for 127.0.0.1 at 2014-11-03 10:54:27 -0600


Started GET "/assets/application.js?body=1" for 127.0.0.1 at 2014-11-03 10:54:27 -0600
